This file contains any messages produced by compilers while
running configure, to aid debugging if configure makes a mistake.

It was created by Hello World configure 0.1, which was
generated by GNU Autoconf 2.63.  Invocation command line was

  $ ./configure --prefix=/home/local/kianicka/repositories/prj_2013_ctbto_autoshi_testing/kianicka/py_autotools/install

## --------- ##
## Platform. ##
## --------- ##

hostname = idcdev11.awst.at
uname -m = x86_64
uname -r = 2.6.32-358.el6.x86_64
uname -s = Linux
uname -v = #1 SMP Fri Feb 22 00:31:26 UTC 2013

/usr/bin/uname -p = unknown
/bin/uname -X     = unknown

/bin/arch              = x86_64
/usr/bin/arch -k       = unknown
/usr/convex/getsysinfo = unknown
/usr/bin/hostinfo      = unknown
/bin/machine           = unknown
/usr/bin/oslevel       = unknown
/bin/universe          = unknown

PATH: /dvl/software/site/usr/bin
PATH: /usr/lib/jvm/java/bin
PATH: /bin
PATH: /usr/bin
PATH: /usr/sbin
PATH: /usr/dt/bin
PATH: /home/local/kianicka/repositories/ctbto/shiscripts/bin
PATH: /dvl/software/shi/scripts/bin
PATH: /dvl/software/rn/scripts/bin
PATH: /home/local/kianicka/repositories/ctbto/install/ibase/bin
PATH: /dvl/software/rn/rel/bin
PATH: /opt/oracle/12.1.0/bin
PATH: /cots/Tuxedo/12.1.1.0/bin
PATH: /cots/RabbitMQ/rabbitmq-c/0.5.0/bin
PATH: /opt/SUNWspro/bin
PATH: /vobs/idc/rel/src/data_management/src/cm_tools/bin
PATH: /usr/openwin/bin
PATH: /opt/Frame/bin
PATH: /usr/atria/bin
PATH: /opt/NSCPcomm
PATH: /etc
PATH: /usr/ucb
PATH: /usr/ccs/bin
PATH: .
PATH: /home/local/kianicka/repositories/ctbto/install/idcdacs/bin
PATH: /usr/local/bin
PATH: /home/local/kianicka/bin


## ----------- ##
## Core tests. ##
## ----------- ##

configure:1793: checking for a BSD-compatible install
configure:1861: result: /usr/bin/install -c
configure:1872: checking whether build environment is sane
configure:1932: result: yes
configure:2073: checking for a thread-safe mkdir -p
configure:2112: result: /bin/mkdir -p
configure:2125: checking for gawk
configure:2141: found /bin/gawk
configure:2152: result: gawk
configure:2163: checking whether make sets $(MAKE)
configure:2185: result: yes
configure:2301: checking for a Python interpreter with version >= 2.5
configure:2318: python -c import sys # split strings by '.' and convert to numeric. Append some zeros # because we need at least 4 digits for the hex conversion. # map returns an iterator in Python 3.0 and a list in 2.x minver = list(map(int, '2.5'.split('.'))) + [0, 0, 0] minverhex = 0 # xrange is not present in Python 3.0 and range returns an iterator for i in list(range(0, 4)): minverhex = (minverhex << 8) + minver[i] sys.exit(sys.hexversion < minverhex)
configure:2321: $? = 0
configure:2328: result: python
configure:2336: checking for python
configure:2354: found /usr/bin/python
configure:2366: result: /usr/bin/python
configure:2386: checking for python version
configure:2393: result: 2.6
configure:2405: checking for python platform
configure:2412: result: linux2
configure:2419: checking for python script directory
configure:2448: result: ${prefix}/lib/python2.6/site-packages
configure:2457: checking for python extension module directory
configure:2486: result: ${exec_prefix}/lib64/python2.6/site-packages
configure:2642: creating ./config.status

## ---------------------- ##
## Running config.status. ##
## ---------------------- ##

This file was extended by Hello World config.status 0.1, which was
generated by GNU Autoconf 2.63.  Invocation command line was

  CONFIG_FILES    = 
  CONFIG_HEADERS  = 
  CONFIG_LINKS    = 
  CONFIG_COMMANDS = 
  $ ./config.status 

on idcdev11.awst.at

config.status:671: creating Makefile
config.status:671: creating src/Makefile
config.status:671: creating src/hello/Makefile

## ---------------- ##
## Cache variables. ##
## ---------------- ##

ac_cv_env_build_alias_set=
ac_cv_env_build_alias_value=
ac_cv_env_host_alias_set=
ac_cv_env_host_alias_value=
ac_cv_env_target_alias_set=
ac_cv_env_target_alias_value=
ac_cv_path_PYTHON=/usr/bin/python
ac_cv_path_install='/usr/bin/install -c'
ac_cv_path_mkdir=/bin/mkdir
ac_cv_prog_AWK=gawk
ac_cv_prog_make_make_set=yes
am_cv_pathless_PYTHON=python
am_cv_python_platform=linux2
am_cv_python_pyexecdir='${exec_prefix}/lib64/python2.6/site-packages'
am_cv_python_pythondir='${prefix}/lib/python2.6/site-packages'
am_cv_python_version=2.6

## ----------------- ##
## Output variables. ##
## ----------------- ##

ACLOCAL='${SHELL} /home/local/kianicka/repositories/prj_2013_ctbto_autoshi_testing/kianicka/py_autotools/hello_world/missing --run aclocal-1.11'
AMTAR='${SHELL} /home/local/kianicka/repositories/prj_2013_ctbto_autoshi_testing/kianicka/py_autotools/hello_world/missing --run tar'
AUTOCONF='${SHELL} /home/local/kianicka/repositories/prj_2013_ctbto_autoshi_testing/kianicka/py_autotools/hello_world/missing --run autoconf'
AUTOHEADER='${SHELL} /home/local/kianicka/repositories/prj_2013_ctbto_autoshi_testing/kianicka/py_autotools/hello_world/missing --run autoheader'
AUTOMAKE='${SHELL} /home/local/kianicka/repositories/prj_2013_ctbto_autoshi_testing/kianicka/py_autotools/hello_world/missing --run automake-1.11'
AWK='gawk'
CYGPATH_W='echo'
DEFS='-DPACKAGE_NAME=\"Hello\ World\" -DPACKAGE_TARNAME=\"hello-world\" -DPACKAGE_VERSION=\"0.1\" -DPACKAGE_STRING=\"Hello\ World\ 0.1\" -DPACKAGE_BUGREPORT=\"\" -DPACKAGE=\"hello-world\" -DVERSION=\"0.1\"'
ECHO_C=''
ECHO_N='-n'
ECHO_T=''
INSTALL_DATA='${INSTALL} -m 644'
INSTALL_PROGRAM='${INSTALL}'
INSTALL_SCRIPT='${INSTALL}'
INSTALL_STRIP_PROGRAM='$(install_sh) -c -s'
LIBOBJS=''
LIBS=''
LTLIBOBJS=''
MAKEINFO='${SHELL} /home/local/kianicka/repositories/prj_2013_ctbto_autoshi_testing/kianicka/py_autotools/hello_world/missing --run makeinfo'
MKDIR_P='/bin/mkdir -p'
PACKAGE='hello-world'
PACKAGE_BUGREPORT=''
PACKAGE_NAME='Hello World'
PACKAGE_STRING='Hello World 0.1'
PACKAGE_TARNAME='hello-world'
PACKAGE_VERSION='0.1'
PATH_SEPARATOR=':'
PYTHON='/usr/bin/python'
PYTHON_EXEC_PREFIX='${exec_prefix}'
PYTHON_PLATFORM='linux2'
PYTHON_PREFIX='${prefix}'
PYTHON_VERSION='2.6'
SET_MAKE=''
SHELL='/bin/sh'
STRIP=''
VERSION='0.1'
am__isrc=''
am__leading_dot='.'
am__tar='${AMTAR} chof - "$$tardir"'
am__untar='${AMTAR} xf -'
bindir='${exec_prefix}/bin'
build_alias=''
datadir='${datarootdir}'
datarootdir='${prefix}/share'
docdir='${datarootdir}/doc/${PACKAGE_TARNAME}'
dvidir='${docdir}'
exec_prefix='${prefix}'
host_alias=''
htmldir='${docdir}'
includedir='${prefix}/include'
infodir='${datarootdir}/info'
install_sh='${SHELL} /home/local/kianicka/repositories/prj_2013_ctbto_autoshi_testing/kianicka/py_autotools/hello_world/install-sh'
libdir='${exec_prefix}/lib'
libexecdir='${exec_prefix}/libexec'
localedir='${datarootdir}/locale'
localstatedir='${prefix}/var'
mandir='${datarootdir}/man'
mkdir_p='/bin/mkdir -p'
oldincludedir='/usr/include'
pdfdir='${docdir}'
pkgpyexecdir='${pyexecdir}/hello-world'
pkgpythondir='${pythondir}/hello-world'
prefix='/home/local/kianicka/repositories/prj_2013_ctbto_autoshi_testing/kianicka/py_autotools/install'
program_transform_name='s,x,x,'
psdir='${docdir}'
pyexecdir='${exec_prefix}/lib64/python2.6/site-packages'
pythondir='${prefix}/lib/python2.6/site-packages'
sbindir='${exec_prefix}/sbin'
sharedstatedir='${prefix}/com'
sysconfdir='${prefix}/etc'
target_alias=''

## ----------- ##
## confdefs.h. ##
## ----------- ##

#define PACKAGE_NAME "Hello World"
#define PACKAGE_TARNAME "hello-world"
#define PACKAGE_VERSION "0.1"
#define PACKAGE_STRING "Hello World 0.1"
#define PACKAGE_BUGREPORT ""
#define PACKAGE "hello-world"
#define VERSION "0.1"

configure: exit 0
