This file contains any messages produced by compilers while
running configure, to aid debugging if configure makes a mistake.

It was created by myoop_test2 configure 1.0, which was
generated by GNU Autoconf 2.63.  Invocation command line was

  $ /home/local/kianicka/repositories/prj_2013_ctbto_autoshi_testing/kianicka/myoop_study2/configure 

## --------- ##
## Platform. ##
## --------- ##

hostname = idcdev11.awst.at
uname -m = x86_64
uname -r = 2.6.32-358.el6.x86_64
uname -s = Linux
uname -v = #1 SMP Fri Feb 22 00:31:26 UTC 2013

/usr/bin/uname -p = unknown
/bin/uname -X     = unknown

/bin/arch              = x86_64
/usr/bin/arch -k       = unknown
/usr/convex/getsysinfo = unknown
/usr/bin/hostinfo      = unknown
/bin/machine           = unknown
/usr/bin/oslevel       = unknown
/bin/universe          = unknown

PATH: /dvl/software/site/usr/bin
PATH: /usr/lib/jvm/java/bin
PATH: /bin
PATH: /usr/bin
PATH: /usr/sbin
PATH: /usr/dt/bin
PATH: /home/local/kianicka/repositories/ctbto/shiscripts/bin
PATH: /dvl/software/shi/scripts/bin
PATH: /dvl/software/rn/scripts/bin
PATH: /home/local/kianicka/repositories/ctbto/install/ibase/bin
PATH: /dvl/software/rn/rel/bin
PATH: /opt/oracle/12.1.0/bin
PATH: /cots/Tuxedo/12.1.1.0/bin
PATH: /cots/RabbitMQ/rabbitmq-c/0.5.0/bin
PATH: /opt/SUNWspro/bin
PATH: /vobs/idc/rel/src/data_management/src/cm_tools/bin
PATH: /usr/openwin/bin
PATH: /opt/Frame/bin
PATH: /usr/atria/bin
PATH: /opt/NSCPcomm
PATH: /etc
PATH: /usr/ucb
PATH: /usr/ccs/bin
PATH: .
PATH: /home/local/kianicka/repositories/ctbto/install/idcdacs/bin
PATH: /usr/local/bin
PATH: /home/local/kianicka/bin


## ----------- ##
## Core tests. ##
## ----------- ##

configure:1835: checking build system type
configure:1853: result: x86_64-unknown-linux-gnu
configure:1875: checking host system type
configure:1890: result: x86_64-unknown-linux-gnu
configure:1912: checking target system type
configure:1927: result: x86_64-unknown-linux-gnu
configure:1971: checking for a BSD-compatible install
configure:2039: result: /usr/bin/install -c
configure:2050: checking whether build environment is sane
configure:2110: result: yes
configure:2251: checking for a thread-safe mkdir -p
configure:2290: result: /bin/mkdir -p
configure:2303: checking for gawk
configure:2319: found /bin/gawk
configure:2330: result: gawk
configure:2341: checking whether make sets $(MAKE)
configure:2363: result: yes
configure:2494: checking for gcc
configure:2510: found /usr/bin/gcc
configure:2521: result: gcc
configure:2753: checking for C compiler version
configure:2761: gcc --version >&5
gcc (GCC) 4.4.7 20120313 (Red Hat 4.4.7-3)
Copyright (C) 2010 Free Software Foundation, Inc.
This is free software; see the source for copying conditions.  There is NO
warranty; not even for MERCHANTABILITY or FITNESS FOR A PARTICULAR PURPOSE.

configure:2765: $? = 0
configure:2772: gcc -v >&5
Using built-in specs.
Target: x86_64-redhat-linux
Configured with: ../configure --prefix=/usr --mandir=/usr/share/man --infodir=/usr/share/info --with-bugurl=http://bugzilla.redhat.com/bugzilla --enable-bootstrap --enable-shared --enable-threads=posix --enable-checking=release --with-system-zlib --enable-__cxa_atexit --disable-libunwind-exceptions --enable-gnu-unique-object --enable-languages=c,c++,objc,obj-c++,java,fortran,ada --enable-java-awt=gtk --disable-dssi --with-java-home=/usr/lib/jvm/java-1.5.0-gcj-1.5.0.0/jre --enable-libgcj-multifile --enable-java-maintainer-mode --with-ecj-jar=/usr/share/java/eclipse-ecj.jar --disable-libjava-multilib --with-ppl --with-cloog --with-tune=generic --with-arch_32=i686 --build=x86_64-redhat-linux
Thread model: posix
gcc version 4.4.7 20120313 (Red Hat 4.4.7-3) (GCC) 
configure:2776: $? = 0
configure:2783: gcc -V >&5
gcc: '-V' option must have argument
configure:2787: $? = 1
configure:2810: checking for C compiler default output file name
configure:2832: gcc    conftest.c  >&5
configure:2836: $? = 0
configure:2874: result: a.out
configure:2893: checking whether the C compiler works
configure:2903: ./a.out
configure:2907: $? = 0
configure:2926: result: yes
configure:2933: checking whether we are cross compiling
configure:2935: result: no
configure:2938: checking for suffix of executables
configure:2945: gcc -o conftest    conftest.c  >&5
configure:2949: $? = 0
configure:2975: result: 
configure:2981: checking for suffix of object files
configure:3007: gcc -c   conftest.c >&5
configure:3011: $? = 0
configure:3036: result: o
configure:3040: checking whether we are using the GNU C compiler
configure:3069: gcc -c   conftest.c >&5
configure:3076: $? = 0
configure:3093: result: yes
configure:3102: checking whether gcc accepts -g
configure:3132: gcc -c -g  conftest.c >&5
configure:3139: $? = 0
configure:3240: result: yes
configure:3257: checking for gcc option to accept ISO C89
configure:3331: gcc  -c -g -O2  conftest.c >&5
configure:3338: $? = 0
configure:3361: result: none needed
configure:3390: checking for style of include used by make
configure:3418: result: GNU
configure:3443: checking dependency style of gcc
configure:3553: result: gcc3
configure:3731: creating ./config.status

## ---------------------- ##
## Running config.status. ##
## ---------------------- ##

This file was extended by myoop_test2 config.status 1.0, which was
generated by GNU Autoconf 2.63.  Invocation command line was

  CONFIG_FILES    = 
  CONFIG_HEADERS  = 
  CONFIG_LINKS    = 
  CONFIG_COMMANDS = 
  $ ./config.status 

on idcdev11.awst.at

config.status:702: creating Makefile
config.status:702: creating src/Makefile
config.status:913: executing depfiles commands

## ---------------- ##
## Cache variables. ##
## ---------------- ##

ac_cv_build=x86_64-unknown-linux-gnu
ac_cv_c_compiler_gnu=yes
ac_cv_env_CC_set=
ac_cv_env_CC_value=
ac_cv_env_CFLAGS_set=
ac_cv_env_CFLAGS_value=
ac_cv_env_CPPFLAGS_set=
ac_cv_env_CPPFLAGS_value=
ac_cv_env_LDFLAGS_set=
ac_cv_env_LDFLAGS_value=
ac_cv_env_LIBS_set=
ac_cv_env_LIBS_value=
ac_cv_env_build_alias_set=
ac_cv_env_build_alias_value=
ac_cv_env_host_alias_set=
ac_cv_env_host_alias_value=
ac_cv_env_target_alias_set=
ac_cv_env_target_alias_value=
ac_cv_host=x86_64-unknown-linux-gnu
ac_cv_objext=o
ac_cv_path_install='/usr/bin/install -c'
ac_cv_path_mkdir=/bin/mkdir
ac_cv_prog_AWK=gawk
ac_cv_prog_ac_ct_CC=gcc
ac_cv_prog_cc_c89=
ac_cv_prog_cc_g=yes
ac_cv_prog_make_make_set=yes
ac_cv_target=x86_64-unknown-linux-gnu
am_cv_CC_dependencies_compiler_type=gcc3

## ----------------- ##
## Output variables. ##
## ----------------- ##

ACLOCAL='${SHELL} /home/local/kianicka/repositories/prj_2013_ctbto_autoshi_testing/kianicka/myoop_study2/missing --run aclocal-1.11'
AMDEPBACKSLASH='\'
AMDEP_FALSE='#'
AMDEP_TRUE=''
AMTAR='${SHELL} /home/local/kianicka/repositories/prj_2013_ctbto_autoshi_testing/kianicka/myoop_study2/missing --run tar'
AUTOCONF='${SHELL} /home/local/kianicka/repositories/prj_2013_ctbto_autoshi_testing/kianicka/myoop_study2/missing --run autoconf'
AUTOHEADER='${SHELL} /home/local/kianicka/repositories/prj_2013_ctbto_autoshi_testing/kianicka/myoop_study2/missing --run autoheader'
AUTOMAKE='${SHELL} /home/local/kianicka/repositories/prj_2013_ctbto_autoshi_testing/kianicka/myoop_study2/missing --run automake-1.11'
AWK='gawk'
CC='gcc'
CCDEPMODE='depmode=gcc3'
CFLAGS='-g -O2'
CPPFLAGS=''
CYGPATH_W='echo'
DEFS='-DPACKAGE_NAME=\"myoop_test2\" -DPACKAGE_TARNAME=\"myoop_test2\" -DPACKAGE_VERSION=\"1.0\" -DPACKAGE_STRING=\"myoop_test2\ 1.0\" -DPACKAGE_BUGREPORT=\"\" -DPACKAGE=\"myoop_test2\" -DVERSION=\"1.0\"'
DEPDIR='.deps'
ECHO_C=''
ECHO_N='-n'
ECHO_T=''
EXEEXT=''
INSTALL_DATA='${INSTALL} -m 644'
INSTALL_PROGRAM='${INSTALL}'
INSTALL_SCRIPT='${INSTALL}'
INSTALL_STRIP_PROGRAM='$(install_sh) -c -s'
LDFLAGS=''
LIBOBJS=''
LIBS=''
LTLIBOBJS=''
MAKEINFO='${SHELL} /home/local/kianicka/repositories/prj_2013_ctbto_autoshi_testing/kianicka/myoop_study2/missing --run makeinfo'
MKDIR_P='/bin/mkdir -p'
OBJEXT='o'
PACKAGE='myoop_test2'
PACKAGE_BUGREPORT=''
PACKAGE_NAME='myoop_test2'
PACKAGE_STRING='myoop_test2 1.0'
PACKAGE_TARNAME='myoop_test2'
PACKAGE_VERSION='1.0'
PATH_SEPARATOR=':'
SET_MAKE=''
SHELL='/bin/sh'
STRIP=''
VERSION='1.0'
ac_ct_CC='gcc'
am__EXEEXT_FALSE=''
am__EXEEXT_TRUE='#'
am__fastdepCC_FALSE='#'
am__fastdepCC_TRUE=''
am__include='include'
am__isrc=''
am__leading_dot='.'
am__quote=''
am__tar='${AMTAR} chof - "$$tardir"'
am__untar='${AMTAR} xf -'
bindir='${exec_prefix}/bin'
build='x86_64-unknown-linux-gnu'
build_alias=''
build_cpu='x86_64'
build_os='linux-gnu'
build_vendor='unknown'
datadir='${datarootdir}'
datarootdir='${prefix}/share'
docdir='${datarootdir}/doc/${PACKAGE_TARNAME}'
dvidir='${docdir}'
exec_prefix='${prefix}'
host='x86_64-unknown-linux-gnu'
host_alias=''
host_cpu='x86_64'
host_os='linux-gnu'
host_vendor='unknown'
htmldir='${docdir}'
includedir='${prefix}/include'
infodir='${datarootdir}/info'
install_sh='${SHELL} /home/local/kianicka/repositories/prj_2013_ctbto_autoshi_testing/kianicka/myoop_study2/install-sh'
libdir='${exec_prefix}/lib'
libexecdir='${exec_prefix}/libexec'
localedir='${datarootdir}/locale'
localstatedir='${prefix}/var'
mandir='${datarootdir}/man'
mkdir_p='/bin/mkdir -p'
oldincludedir='/usr/include'
pdfdir='${docdir}'
prefix='/usr/local'
program_transform_name='s,x,x,'
psdir='${docdir}'
sbindir='${exec_prefix}/sbin'
sharedstatedir='${prefix}/com'
sysconfdir='${prefix}/etc'
target='x86_64-unknown-linux-gnu'
target_alias=''
target_cpu='x86_64'
target_os='linux-gnu'
target_vendor='unknown'

## ----------- ##
## confdefs.h. ##
## ----------- ##

#define PACKAGE_NAME "myoop_test2"
#define PACKAGE_TARNAME "myoop_test2"
#define PACKAGE_VERSION "1.0"
#define PACKAGE_STRING "myoop_test2 1.0"
#define PACKAGE_BUGREPORT ""
#define PACKAGE "myoop_test2"
#define VERSION "1.0"

configure: exit 0

## ---------------------- ##
## Running config.status. ##
## ---------------------- ##

This file was extended by myoop_test2 config.status 1.0, which was
generated by GNU Autoconf 2.63.  Invocation command line was

  CONFIG_FILES    = 
  CONFIG_HEADERS  = 
  CONFIG_LINKS    = 
  CONFIG_COMMANDS = 
  $ ./config.status src/Makefile depfiles

on idcdev11.awst.at

config.status:702: creating src/Makefile
config.status:913: executing depfiles commands

## ---------------------- ##
## Running config.status. ##
## ---------------------- ##

This file was extended by myoop_test2 config.status 1.0, which was
generated by GNU Autoconf 2.63.  Invocation command line was

  CONFIG_FILES    = 
  CONFIG_HEADERS  = 
  CONFIG_LINKS    = 
  CONFIG_COMMANDS = 
  $ ./config.status src/Makefile depfiles

on idcdev11.awst.at

config.status:702: creating src/Makefile
config.status:913: executing depfiles commands

## ---------------------- ##
## Running config.status. ##
## ---------------------- ##

This file was extended by myoop_test2 config.status 1.0, which was
generated by GNU Autoconf 2.63.  Invocation command line was

  CONFIG_FILES    = 
  CONFIG_HEADERS  = 
  CONFIG_LINKS    = 
  CONFIG_COMMANDS = 
  $ ./config.status src/Makefile depfiles

on idcdev11.awst.at

config.status:702: creating src/Makefile
config.status:913: executing depfiles commands

## ---------------------- ##
## Running config.status. ##
## ---------------------- ##

This file was extended by myoop_test2 config.status 1.0, which was
generated by GNU Autoconf 2.63.  Invocation command line was

  CONFIG_FILES    = 
  CONFIG_HEADERS  = 
  CONFIG_LINKS    = 
  CONFIG_COMMANDS = 
  $ ./config.status src/Makefile depfiles

on idcdev11.awst.at

config.status:702: creating src/Makefile
config.status:913: executing depfiles commands
