Using built-in specs.
COLLECT_GCC=g++
COLLECT_LTO_WRAPPER=/home/mohanty/local/gcc/6.1.0/lib/gcc/x86_64-suse-linux/6.1.0/lto-wrapper
Target: x86_64-suse-linux
Configured with: /home/mohanty/src/gcc-6.1.0/configure --prefix=/home/mohanty/local/gcc/6.1.0 --with-gmp=/home/mohanty/local --with-mpfr=/home/mohanty/local --with-mpc=/home/mohanty/local --enable-languages=c,c++,fortran --disable-multilib --enable-linux-futex --build=x86_64-suse-linux --with-pkg-version='Compiled on zam859 (64 bits) by Sandipan Mohanty' --no-recursion
Thread model: posix
gcc version 6.1.0 (GCC) 
COLLECT_GCC_OPTIONS='-std=c++14' '-Wpedantic' '-v' '-o' 'hello' '-shared-libgcc' '-mtune=generic' '-march=x86-64'
 /home/mohanty/local/gcc/6.1.0/lib/gcc/x86_64-suse-linux/6.1.0/cc1plus -quiet -v -D_GNU_SOURCE helloworld.cc -quiet -dumpbase helloworld.cc -mtune=generic -march=x86-64 -auxbase helloworld -Wpedantic -std=c++14 -version -o /tmp/cc641HFg.s
GNU C++14 (GCC) version 6.1.0 (x86_64-suse-linux)
        compiled by GNU C version 6.1.0, GMP version 5.1.1, MPFR version 3.1.2, MPC version 1.0.1, isl version none
warning: GMP header version 5.1.1 differs from library version 5.1.2.
warning: MPC header version 1.0.1 differs from library version 1.0.
GGC heuristics: --param ggc-min-expand=100 --param ggc-min-heapsize=131072
ignoring nonexistent directory "/home/mohanty/local/gcc/6.1.0/lib64/gcc/x86_64-suse-linux/6.1.0/../../../../x86_64-suse-linux/include"
#include "..." search starts here:
#include <...> search starts here:
 /home/mohanty/local/gcc/6.1.0/lib64/gcc/x86_64-suse-linux/6.1.0/../../../../include/c++/6.1.0
 /home/mohanty/local/gcc/6.1.0/lib64/gcc/x86_64-suse-linux/6.1.0/../../../../include/c++/6.1.0/x86_64-suse-linux
 /home/mohanty/local/gcc/6.1.0/lib64/gcc/x86_64-suse-linux/6.1.0/../../../../include/c++/6.1.0/backward
 /home/mohanty/local/gcc/6.1.0/lib64/gcc/x86_64-suse-linux/6.1.0/include
 /usr/local/include
 /home/mohanty/local/gcc/6.1.0/include
 /home/mohanty/local/gcc/6.1.0/lib64/gcc/x86_64-suse-linux/6.1.0/include-fixed
 /usr/include
End of search list.
GNU C++14 (GCC) version 6.1.0 (x86_64-suse-linux)
        compiled by GNU C version 6.1.0, GMP version 5.1.1, MPFR version 3.1.2, MPC version 1.0.1, isl version none
warning: GMP header version 5.1.1 differs from library version 5.1.2.
warning: MPC header version 1.0.1 differs from library version 1.0.
GGC heuristics: --param ggc-min-expand=100 --param ggc-min-heapsize=131072
Compiler executable checksum: 3648c7d832c5f8c43a0d2fbd74ee49db
COLLECT_GCC_OPTIONS='-std=c++14' '-Wpedantic' '-v' '-o' 'hello' '-shared-libgcc' '-mtune=generic' '-march=x86-64'
 as -v --64 -o /tmp/ccXIWde2.o /tmp/cc641HFg.s
GNU assembler version 2.23.2 (x86_64-suse-linux) using BFD version (GNU Binutils; openSUSE 13.1) 2.23.2
COMPILER_PATH=/home/mohanty/local/gcc/6.1.0/lib/gcc/x86_64-suse-linux/6.1.0/:/home/mohanty/local/gcc/6.1.0/lib/gcc/x86_64-suse-linux/6.1.0/:/home/mohanty/local/gcc/6.1.0/lib/gcc/x86_64-suse-linux/:/home/mohanty/local/gcc/6.1.0/lib64/gcc/x86_64-suse-linux/6.1.0/:/home/mohanty/local/gcc/6.1.0/lib64/gcc/x86_64-suse-linux/
LIBRARY_PATH=/home/mohanty/local/gcc/6.1.0/lib64/gcc/x86_64-suse-linux/6.1.0/:/home/mohanty/local/gcc/6.1.0/lib64/gcc/x86_64-suse-linux/6.1.0/../../../../lib64/:/lib/../lib64/:/usr/lib/../lib64/:/home/mohanty/local/gcc/6.1.0/lib64/gcc/x86_64-suse-linux/6.1.0/../../../:/lib/:/usr/lib/
COLLECT_GCC_OPTIONS='-std=c++14' '-Wpedantic' '-v' '-o' 'hello' '-shared-libgcc' '-mtune=generic' '-march=x86-64'
 /home/mohanty/local/gcc/6.1.0/lib/gcc/x86_64-suse-linux/6.1.0/collect2 -plugin /home/mohanty/local/gcc/6.1.0/lib/gcc/x86_64-suse-linux/6.1.0/liblto_plugin.so -plugin-opt=/home/mohanty/local/gcc/6.1.0/lib/gcc/x86_64-suse-linux/6.1.0/lto-wrapper -plugin-opt=-fresolution=/tmp/ccksZBNN.res -plugin-opt=-pass-through=-lgcc_s -plugin-opt=-pass-through=-lgcc -plugin-opt=-pass-through=-lc -plugin-opt=-pass-through=-lgcc_s -plugin-opt=-pass-through=-lgcc --eh-frame-hdr -m elf_x86_64 -dynamic-linker /lib64/ld-linux-x86-64.so.2 -o hello /usr/lib/../lib64/crt1.o /usr/lib/../lib64/crti.o /home/mohanty/local/gcc/6.1.0/lib64/gcc/x86_64-suse-linux/6.1.0/crtbegin.o -L/home/mohanty/local/gcc/6.1.0/lib64/gcc/x86_64-suse-linux/6.1.0 -L/home/mohanty/local/gcc/6.1.0/lib64/gcc/x86_64-suse-linux/6.1.0/../../../../lib64 -L/lib/../lib64 -L/usr/lib/../lib64 -L/home/mohanty/local/gcc/6.1.0/lib64/gcc/x86_64-suse-linux/6.1.0/../../.. /tmp/ccXIWde2.o -lstdc++ -lm -lgcc_s -lgcc -lc -lgcc_s -lgcc /home/mohanty/local/gcc/6.1.0/lib64/gcc/x86_64-suse-linux/6.1.0/crtend.o /usr/lib/../lib64/crtn.o
COLLECT_GCC_OPTIONS='-std=c++14' '-Wpedantic' '-v' '-o' 'hello' '-shared-libgcc' '-mtune=generic' '-march=x86-64'
